{
  "stats": {
    "suites": 1,
    "tests": 2,
    "passes": 2,
    "pending": 0,
    "failures": 0,
    "start": "2022-09-01T18:19:16.191Z",
    "end": "2022-09-01T18:19:32.778Z",
    "duration": 16587,
    "testsRegistered": 2,
    "passPercent": 100,
    "pendingPercent": 0,
    "other": 0,
    "hasOther": false,
    "skipped": 0,
    "hasSkipped": false
  },
  "results": [
    {
      "uuid": "9c65e6b1-d962-4367-83c5-241116f1d934",
      "title": "",
      "fullFile": "cypress/e2e/login-spec.cy.js",
      "file": "cypress/e2e/login-spec.cy.js",
      "beforeHooks": [],
      "afterHooks": [],
      "tests": [],
      "suites": [
        {
          "uuid": "b1b399e8-8ec2-4342-a23f-da91b92f2748",
          "title": "login v1",
          "fullFile": "",
          "file": "",
          "beforeHooks": [],
          "afterHooks": [],
          "tests": [
            {
              "title": "should display account id is required",
              "fullTitle": "login v1 should display account id is required",
              "timedOut": null,
              "duration": 9468,
              "state": "passed",
              "speed": "medium",
              "pass": true,
              "fail": false,
              "pending": false,
              "context": null,
              "code": "cy.get('[data-cy=account-id]').type('abcde');\ncy.get('[data-cy=email]').type(_utils.MFA_STG02_USER_EMAIL);\ncy.get('[data-cy=password]').type(_utils.MFA_STG02_USER_PASSWORD);\ncy.get('[data-cy=login-button]').click();\ncy.contains('Account ID is required field');",
              "err": {},
              "uuid": "da5294f9-55eb-46fa-876a-6eaea2e9245f",
              "parentUUID": "b1b399e8-8ec2-4342-a23f-da91b92f2748",
              "isHook": false,
              "skipped": false
            },
            {
              "title": "should display invalid account id",
              "fullTitle": "login v1 should display invalid account id",
              "timedOut": null,
              "duration": 5214,
              "state": "passed",
              "speed": "medium",
              "pass": true,
              "fail": false,
              "pending": false,
              "context": null,
              "code": "cy.get('[data-cy=account-id]').type('12345678901234567890');\ncy.get('[data-cy=email]').type(_utils.MFA_STG02_USER_EMAIL);\ncy.get('[data-cy=password]').type(_utils.MFA_STG02_USER_PASSWORD);\ncy.get('[data-cy=login-button]').click();\ncy.contains('Account ID is invalid. Please try again');",
              "err": {},
              "uuid": "e768a014-fed9-42d8-8667-e76c9fb331d3",
              "parentUUID": "b1b399e8-8ec2-4342-a23f-da91b92f2748",
              "isHook": false,
              "skipped": false
            }
          ],
          "suites": [],
          "passes": [
            "da5294f9-55eb-46fa-876a-6eaea2e9245f",
            "e768a014-fed9-42d8-8667-e76c9fb331d3"
          ],
          "failures": [],
          "pending": [],
          "skipped": [],
          "duration": 14682,
          "root": false,
          "rootEmpty": false,
          "_timeout": 2000
        }
      ],
      "passes": [],
      "failures": [],
      "pending": [],
      "skipped": [],
      "duration": 0,
      "root": true,
      "rootEmpty": true,
      "_timeout": 2000
    }
  ],
  "meta": {
    "mocha": {
      "version": "7.0.1"
    },
    "mochawesome": {
      "options": {
        "quiet": false,
        "reportFilename": "mochawesome",
        "saveHtml": false,
        "saveJson": true,
        "consoleReporter": "spec",
        "useInlineDiffs": false,
        "code": true
      },
      "version": "7.1.3"
    },
    "marge": {
      "options": {
        "reportDir": "cypress/results",
        "overwrite": false,
        "html": false,
        "json": true
      },
      "version": "6.2.0"
    }
  }
}