{
  "stats": {
    "suites": 1,
    "tests": 2,
    "passes": 2,
    "pending": 0,
    "failures": 0,
    "start": "2022-09-01T19:07:17.701Z",
    "end": "2022-09-01T19:07:35.932Z",
    "duration": 18231,
    "testsRegistered": 2,
    "passPercent": 100,
    "pendingPercent": 0,
    "other": 0,
    "hasOther": false,
    "skipped": 0,
    "hasSkipped": false
  },
  "results": [
    {
      "uuid": "b2715521-0c83-4230-8f5e-987a6aa11ac0",
      "title": "",
      "fullFile": "cypress/e2e/login-spec.cy.js",
      "file": "cypress/e2e/login-spec.cy.js",
      "beforeHooks": [],
      "afterHooks": [],
      "tests": [],
      "suites": [
        {
          "uuid": "25fa411c-e196-49c7-a864-3e43a2daebd5",
          "title": "login v1",
          "fullFile": "",
          "file": "",
          "beforeHooks": [],
          "afterHooks": [],
          "tests": [
            {
              "title": "should display account id is required",
              "fullTitle": "login v1 should display account id is required",
              "timedOut": null,
              "duration": 8653,
              "state": "passed",
              "speed": "medium",
              "pass": true,
              "fail": false,
              "pending": false,
              "context": null,
              "code": "cy.get('[data-cy=account-id]').type('abcde');\ncy.get('[data-cy=email]').type(_utils.MFA_STG02_USER_EMAIL);\ncy.get('[data-cy=password]').type(_utils.MFA_STG02_USER_PASSWORD);\ncy.get('[data-cy=login-button]').click();\ncy.contains('Account ID is required field');",
              "err": {},
              "uuid": "04060c01-ff76-4744-8ee9-6cdbcd7f0a6a",
              "parentUUID": "25fa411c-e196-49c7-a864-3e43a2daebd5",
              "isHook": false,
              "skipped": false
            },
            {
              "title": "should display invalid account id",
              "fullTitle": "login v1 should display invalid account id",
              "timedOut": null,
              "duration": 5237,
              "state": "passed",
              "speed": "medium",
              "pass": true,
              "fail": false,
              "pending": false,
              "context": null,
              "code": "cy.get('[data-cy=account-id]').type('12345678901234567890');\ncy.get('[data-cy=email]').type(_utils.MFA_STG02_USER_EMAIL);\ncy.get('[data-cy=password]').type(_utils.MFA_STG02_USER_PASSWORD);\ncy.get('[data-cy=login-button]').click();\ncy.contains('Account ID is invalid. Please try again');",
              "err": {},
              "uuid": "67d0d674-c3b0-4954-b49a-fbbb6a698187",
              "parentUUID": "25fa411c-e196-49c7-a864-3e43a2daebd5",
              "isHook": false,
              "skipped": false
            }
          ],
          "suites": [],
          "passes": [
            "04060c01-ff76-4744-8ee9-6cdbcd7f0a6a",
            "67d0d674-c3b0-4954-b49a-fbbb6a698187"
          ],
          "failures": [],
          "pending": [],
          "skipped": [],
          "duration": 13890,
          "root": false,
          "rootEmpty": false,
          "_timeout": 2000
        }
      ],
      "passes": [],
      "failures": [],
      "pending": [],
      "skipped": [],
      "duration": 0,
      "root": true,
      "rootEmpty": true,
      "_timeout": 2000
    }
  ],
  "meta": {
    "mocha": {
      "version": "7.0.1"
    },
    "mochawesome": {
      "options": {
        "quiet": false,
        "reportFilename": "mochawesome",
        "saveHtml": false,
        "saveJson": true,
        "consoleReporter": "spec",
        "useInlineDiffs": false,
        "code": true
      },
      "version": "7.1.3"
    },
    "marge": {
      "options": {
        "reportDir": "cypress/results",
        "overwrite": false,
        "html": false,
        "json": true
      },
      "version": "6.2.0"
    }
  }
}